[ 2017-10-08T22:54:15+08:00 ] ::1 /TPPHP/Home/Index/index
INFO: [ app_init ] --START--
INFO: Run Behavior\BuildLiteBehavior [ RunTime:0.000041s ]
INFO: [ app_init ] --END-- [ RunTime:0.003367s ]
INFO: [ app_begin ] --START--
INFO: Run Behavior\ReadHtmlCacheBehavior [ RunTime:0.009603s ]
INFO: [ app_begin ] --END-- [ RunTime:0.009797s ]
INFO: [ view_parse ] --START--
INFO: [ template_filter ] --START--
INFO: Run Behavior\ContentReplaceBehavior [ RunTime:0.000117s ]
INFO: [ template_filter ] --END-- [ RunTime:0.000285s ]
INFO: Run Behavior\ParseTemplateBehavior [ RunTime:0.077932s ]
INFO: [ view_parse ] --END-- [ RunTime:0.078131s ]
INFO: [ view_filter ] --START--
INFO: Run Behavior\WriteHtmlCacheBehavior [ RunTime:0.008346s ]
INFO: [ view_filter ] --END-- [ RunTime:0.008541s ]
INFO: [ app_end ] --START--
INFO: Run Behavior\ShowPageTraceBehavior [ RunTime:0.007512s ]
INFO: [ app_end ] --END-- [ RunTime:0.007668s ]

[ 2017-10-08T22:57:24+08:00 ] ::1 /TPPHP/Home/User/Index/index
INFO: [ app_init ] --START--
INFO: Run Behavior\BuildLiteBehavior [ RunTime:0.000038s ]
INFO: [ app_init ] --END-- [ RunTime:0.001871s ]
INFO: [ app_begin ] --START--
INFO: Run Behavior\ReadHtmlCacheBehavior [ RunTime:0.007172s ]
INFO: [ app_begin ] --END-- [ RunTime:0.007369s ]
NOTIC: [2048] Declaration of Home\Controller\UserController::show() should be compatible with Think\Controller::show($content, $charset = '', $contentType = '', $prefix = '') C:\wamp\www\TPPHP\APPS\Home\Controller\UserController.class.php 第 19 行.
INFO: [ view_parse ] --START--
INFO: [ template_filter ] --START--
INFO: Run Behavior\ContentReplaceBehavior [ RunTime:0.000111s ]
INFO: [ template_filter ] --END-- [ RunTime:0.000285s ]
INFO: Run Behavior\ParseTemplateBehavior [ RunTime:0.038968s ]
INFO: [ view_parse ] --END-- [ RunTime:0.039144s ]
INFO: [ view_filter ] --START--
INFO: Run Behavior\WriteHtmlCacheBehavior [ RunTime:0.005508s ]
INFO: [ view_filter ] --END-- [ RunTime:0.005654s ]
INFO: [ app_end ] --START--
INFO: Run Behavior\ShowPageTraceBehavior [ RunTime:0.005823s ]
INFO: [ app_end ] --END-- [ RunTime:0.005969s ]

[ 2017-10-08T22:57:37+08:00 ] ::1 /TPPHP/Home/User/Index/index
INFO: [ app_init ] --START--
INFO: Run Behavior\BuildLiteBehavior [ RunTime:0.000042s ]
INFO: [ app_init ] --END-- [ RunTime:0.001723s ]
INFO: [ app_begin ] --START--
INFO: Run Behavior\ReadHtmlCacheBehavior [ RunTime:0.006359s ]
INFO: [ app_begin ] --END-- [ RunTime:0.006544s ]
NOTIC: [2048] Declaration of Home\Controller\UserController::show() should be compatible with Think\Controller::show($content, $charset = '', $contentType = '', $prefix = '') C:\wamp\www\TPPHP\APPS\Home\Controller\UserController.class.php 第 19 行.
INFO: [ view_parse ] --START--
INFO: [ template_filter ] --START--
INFO: Run Behavior\ContentReplaceBehavior [ RunTime:0.001826s ]
INFO: [ template_filter ] --END-- [ RunTime:0.002311s ]
INFO: Run Behavior\ParseTemplateBehavior [ RunTime:0.044098s ]
INFO: [ view_parse ] --END-- [ RunTime:0.044379s ]
INFO: [ view_filter ] --START--
INFO: Run Behavior\WriteHtmlCacheBehavior [ RunTime:0.005446s ]
INFO: [ view_filter ] --END-- [ RunTime:0.005606s ]
INFO: [ app_end ] --START--
INFO: Run Behavior\ShowPageTraceBehavior [ RunTime:0.006771s ]
INFO: [ app_end ] --END-- [ RunTime:0.006942s ]

[ 2017-10-08T22:58:10+08:00 ] ::1 /TPPHP/Home/User/Index/index
INFO: [ app_init ] --START--
INFO: Run Behavior\BuildLiteBehavior [ RunTime:0.000040s ]
INFO: [ app_init ] --END-- [ RunTime:0.003208s ]
INFO: [ app_begin ] --START--
INFO: Run Behavior\ReadHtmlCacheBehavior [ RunTime:0.009201s ]
INFO: [ app_begin ] --END-- [ RunTime:0.009399s ]
NOTIC: [2048] Declaration of Home\Controller\UserController::show() should be compatible with Think\Controller::show($content, $charset = '', $contentType = '', $prefix = '') C:\wamp\www\TPPHP\APPS\Home\Controller\UserController.class.php 第 19 行.
INFO: [ view_parse ] --START--
INFO: [ template_filter ] --START--
INFO: Run Behavior\ContentReplaceBehavior [ RunTime:0.000108s ]
INFO: [ template_filter ] --END-- [ RunTime:0.000394s ]
INFO: Run Behavior\ParseTemplateBehavior [ RunTime:0.038455s ]
INFO: [ view_parse ] --END-- [ RunTime:0.038636s ]
INFO: [ view_filter ] --START--
INFO: Run Behavior\WriteHtmlCacheBehavior [ RunTime:0.004905s ]
INFO: [ view_filter ] --END-- [ RunTime:0.005078s ]
INFO: [ app_end ] --START--
INFO: Run Behavior\ShowPageTraceBehavior [ RunTime:0.008056s ]
INFO: [ app_end ] --END-- [ RunTime:0.008205s ]

[ 2017-10-08T22:58:15+08:00 ] ::1 /TPPHP/Home/User/Index/show
INFO: [ app_init ] --START--
INFO: Run Behavior\BuildLiteBehavior [ RunTime:0.000040s ]
INFO: [ app_init ] --END-- [ RunTime:0.001422s ]
INFO: [ app_begin ] --START--
INFO: Run Behavior\ReadHtmlCacheBehavior [ RunTime:0.004640s ]
INFO: [ app_begin ] --END-- [ RunTime:0.004815s ]
NOTIC: [2048] Declaration of Home\Controller\UserController::show() should be compatible with Think\Controller::show($content, $charset = '', $contentType = '', $prefix = '') C:\wamp\www\TPPHP\APPS\Home\Controller\UserController.class.php 第 19 行.
INFO: [ view_parse ] --START--
INFO: [ template_filter ] --START--
INFO: Run Behavior\ContentReplaceBehavior [ RunTime:0.000106s ]
INFO: [ template_filter ] --END-- [ RunTime:0.000267s ]
INFO: Run Behavior\ParseTemplateBehavior [ RunTime:0.028937s ]
INFO: [ view_parse ] --END-- [ RunTime:0.029101s ]
INFO: [ view_filter ] --START--
INFO: Run Behavior\WriteHtmlCacheBehavior [ RunTime:0.004118s ]
INFO: [ view_filter ] --END-- [ RunTime:0.004255s ]
INFO: [ app_end ] --START--
INFO: Run Behavior\ShowPageTraceBehavior [ RunTime:0.004846s ]
INFO: [ app_end ] --END-- [ RunTime:0.004999s ]

[ 2017-10-08T22:58:24+08:00 ] ::1 /TPPHP/Home/User/show
INFO: [ app_init ] --START--
INFO: Run Behavior\BuildLiteBehavior [ RunTime:0.000038s ]
INFO: [ app_init ] --END-- [ RunTime:0.001379s ]
INFO: [ app_begin ] --START--
INFO: Run Behavior\ReadHtmlCacheBehavior [ RunTime:0.005203s ]
INFO: [ app_begin ] --END-- [ RunTime:0.005390s ]
NOTIC: [2048] Declaration of Home\Controller\UserController::show() should be compatible with Think\Controller::show($content, $charset = '', $contentType = '', $prefix = '') C:\wamp\www\TPPHP\APPS\Home\Controller\UserController.class.php 第 19 行.

[ 2017-10-08T22:58:46+08:00 ] ::1 /TPPHP/Home/User/show
INFO: [ app_init ] --START--
INFO: Run Behavior\BuildLiteBehavior [ RunTime:0.000042s ]
INFO: [ app_init ] --END-- [ RunTime:0.002794s ]
INFO: [ app_begin ] --START--
INFO: Run Behavior\ReadHtmlCacheBehavior [ RunTime:0.007131s ]
INFO: [ app_begin ] --END-- [ RunTime:0.007409s ]
NOTIC: [2048] Declaration of Home\Controller\UserController::show() should be compatible with Think\Controller::show($content, $charset = '', $contentType = '', $prefix = '') C:\wamp\www\TPPHP\APPS\Home\Controller\UserController.class.php 第 19 行.
NOTIC: [8] Use of undefined constant HAS_ONE - assumed 'HAS_ONE' C:\wamp\www\TPPHP\ThinkPHP\Common\functions.php 第 588 行.
SQL: SHOW COLUMNS FROM `user` [ RunTime:0.0065s ]
SQL: SELECT * FROM `user`  [ RunTime:0.0014s ]
INFO: [ app_end ] --START--
INFO: Run Behavior\ShowPageTraceBehavior [ RunTime:0.005967s ]
INFO: [ app_end ] --END-- [ RunTime:0.006126s ]

[ 2017-10-08T22:59:18+08:00 ] ::1 /TPPHP/Home/User/show
INFO: [ app_init ] --START--
INFO: Run Behavior\BuildLiteBehavior [ RunTime:0.000039s ]
INFO: [ app_init ] --END-- [ RunTime:0.001839s ]
INFO: [ app_begin ] --START--
INFO: Run Behavior\ReadHtmlCacheBehavior [ RunTime:0.005929s ]
INFO: [ app_begin ] --END-- [ RunTime:0.006187s ]
NOTIC: [2048] Declaration of Home\Controller\UserController::show() should be compatible with Think\Controller::show($content, $charset = '', $contentType = '', $prefix = '') C:\wamp\www\TPPHP\APPS\Home\Controller\UserController.class.php 第 19 行.
NOTIC: [8] Use of undefined constant HAS_ONE - assumed 'HAS_ONE' C:\wamp\www\TPPHP\ThinkPHP\Common\functions.php 第 588 行.
SQL: SHOW COLUMNS FROM `user` [ RunTime:0.0064s ]
SQL: SELECT * FROM `user`  [ RunTime:0.0007s ]
INFO: [ app_end ] --START--
INFO: Run Behavior\ShowPageTraceBehavior [ RunTime:0.006140s ]
INFO: [ app_end ] --END-- [ RunTime:0.006323s ]

[ 2017-10-08T22:59:57+08:00 ] ::1 /TPPHP/Home/User/show
INFO: [ app_init ] --START--
INFO: Run Behavior\BuildLiteBehavior [ RunTime:0.000056s ]
INFO: [ app_init ] --END-- [ RunTime:0.002188s ]
INFO: [ app_begin ] --START--
INFO: Run Behavior\ReadHtmlCacheBehavior [ RunTime:0.013508s ]
INFO: [ app_begin ] --END-- [ RunTime:0.013715s ]
NOTIC: [2048] Declaration of Home\Controller\UserController::show() should be compatible with Think\Controller::show($content, $charset = '', $contentType = '', $prefix = '') C:\wamp\www\TPPHP\APPS\Home\Controller\UserController.class.php 第 20 行.
NOTIC: [8] Use of undefined constant HAS_ONE - assumed 'HAS_ONE' C:\wamp\www\TPPHP\ThinkPHP\Common\functions.php 第 588 行.
SQL: SHOW COLUMNS FROM `user` [ RunTime:0.0048s ]
SQL: SELECT * FROM `user`  [ RunTime:0.0025s ]
INFO: [ app_end ] --START--
INFO: Run Behavior\ShowPageTraceBehavior [ RunTime:0.006798s ]
INFO: [ app_end ] --END-- [ RunTime:0.006962s ]

[ 2017-10-08T23:00:18+08:00 ] ::1 /TPPHP/Home/User/show
INFO: [ app_init ] --START--
INFO: Run Behavior\BuildLiteBehavior [ RunTime:0.000040s ]
INFO: [ app_init ] --END-- [ RunTime:0.001581s ]
INFO: [ app_begin ] --START--
INFO: Run Behavior\ReadHtmlCacheBehavior [ RunTime:0.005563s ]
INFO: [ app_begin ] --END-- [ RunTime:0.005752s ]
NOTIC: [2048] Declaration of Home\Controller\UserController::show() should be compatible with Think\Controller::show($content, $charset = '', $contentType = '', $prefix = '') C:\wamp\www\TPPHP\APPS\Home\Controller\UserController.class.php 第 20 行.
SQL: SHOW COLUMNS FROM `user` [ RunTime:0.0076s ]
SQL: SELECT * FROM `user`  [ RunTime:0.0007s ]
INFO: [ app_end ] --START--
INFO: Run Behavior\ShowPageTraceBehavior [ RunTime:0.006395s ]
INFO: [ app_end ] --END-- [ RunTime:0.006555s ]

[ 2017-10-08T23:00:19+08:00 ] ::1 /TPPHP/Home/User/show
INFO: [ app_init ] --START--
INFO: Run Behavior\BuildLiteBehavior [ RunTime:0.000040s ]
INFO: [ app_init ] --END-- [ RunTime:0.001688s ]
INFO: [ app_begin ] --START--
INFO: Run Behavior\ReadHtmlCacheBehavior [ RunTime:0.006601s ]
INFO: [ app_begin ] --END-- [ RunTime:0.006812s ]
NOTIC: [2048] Declaration of Home\Controller\UserController::show() should be compatible with Think\Controller::show($content, $charset = '', $contentType = '', $prefix = '') C:\wamp\www\TPPHP\APPS\Home\Controller\UserController.class.php 第 20 行.
SQL: SHOW COLUMNS FROM `user` [ RunTime:0.0026s ]
SQL: SELECT * FROM `user`  [ RunTime:0.0010s ]
INFO: [ app_end ] --START--
INFO: Run Behavior\ShowPageTraceBehavior [ RunTime:0.006780s ]
INFO: [ app_end ] --END-- [ RunTime:0.006931s ]

[ 2017-10-08T23:01:08+08:00 ] ::1 /TPPHP/Home/User/show
INFO: [ app_init ] --START--
INFO: Run Behavior\BuildLiteBehavior [ RunTime:0.000041s ]
INFO: [ app_init ] --END-- [ RunTime:0.002154s ]
INFO: [ app_begin ] --START--
INFO: Run Behavior\ReadHtmlCacheBehavior [ RunTime:0.006410s ]
INFO: [ app_begin ] --END-- [ RunTime:0.006613s ]
NOTIC: [2048] Declaration of Home\Controller\UserController::show() should be compatible with Think\Controller::show($content, $charset = '', $contentType = '', $prefix = '') C:\wamp\www\TPPHP\APPS\Home\Controller\UserController.class.php 第 20 行.
SQL: SHOW COLUMNS FROM `user` [ RunTime:0.0072s ]
ERR: Think\Model:relation方法不存在！

[ 2017-10-08T23:01:24+08:00 ] ::1 /TPPHP/Home/User/show
INFO: [ app_init ] --START--
INFO: Run Behavior\BuildLiteBehavior [ RunTime:0.000039s ]
INFO: [ app_init ] --END-- [ RunTime:0.001518s ]
INFO: [ app_begin ] --START--
INFO: Run Behavior\ReadHtmlCacheBehavior [ RunTime:0.008295s ]
INFO: [ app_begin ] --END-- [ RunTime:0.008506s ]
NOTIC: [2048] Declaration of Home\Controller\UserController::show() should be compatible with Think\Controller::show($content, $charset = '', $contentType = '', $prefix = '') C:\wamp\www\TPPHP\APPS\Home\Controller\UserController.class.php 第 20 行.
NOTIC: [8] Use of undefined constant HAS_ONE - assumed 'HAS_ONE' C:\wamp\www\TPPHP\ThinkPHP\Common\functions.php 第 588 行.
SQL: SHOW COLUMNS FROM `user` [ RunTime:0.0051s ]
SQL: SELECT * FROM `user`  [ RunTime:0.0021s ]
SQL: SHOW COLUMNS FROM `dept` [ RunTime:0.0022s ]
NOTIC: [8] Undefined variable: relationData C:\wamp\www\TPPHP\ThinkPHP\Library\Think\Model\RelationModel.class.php 第 227 行.
NOTIC: [8] Undefined variable: relationData C:\wamp\www\TPPHP\ThinkPHP\Library\Think\Model\RelationModel.class.php 第 227 行.
INFO: [ app_end ] --START--
INFO: Run Behavior\ShowPageTraceBehavior [ RunTime:0.005838s ]
INFO: [ app_end ] --END-- [ RunTime:0.006002s ]

[ 2017-10-08T23:04:28+08:00 ] ::1 /TPPHP/Home/User/show
INFO: [ app_init ] --START--
INFO: Run Behavior\BuildLiteBehavior [ RunTime:0.000043s ]
INFO: [ app_init ] --END-- [ RunTime:0.002111s ]
INFO: [ app_begin ] --START--
INFO: Run Behavior\ReadHtmlCacheBehavior [ RunTime:0.006002s ]
INFO: [ app_begin ] --END-- [ RunTime:0.006196s ]
NOTIC: [2048] Declaration of Home\Controller\UserController::show() should be compatible with Think\Controller::show($content, $charset = '', $contentType = '', $prefix = '') C:\wamp\www\TPPHP\APPS\Home\Controller\UserController.class.php 第 20 行.
NOTIC: [8] Use of undefined constant HAS_ONE - assumed 'HAS_ONE' C:\wamp\www\TPPHP\ThinkPHP\Common\functions.php 第 588 行.
SQL: SHOW COLUMNS FROM `user` [ RunTime:0.0022s ]
SQL: SELECT * FROM `user`  [ RunTime:0.0007s ]
SQL: SHOW COLUMNS FROM `dept` [ RunTime:0.0072s ]
NOTIC: [8] Undefined variable: relationData C:\wamp\www\TPPHP\ThinkPHP\Library\Think\Model\RelationModel.class.php 第 227 行.
NOTIC: [8] Undefined variable: relationData C:\wamp\www\TPPHP\ThinkPHP\Library\Think\Model\RelationModel.class.php 第 227 行.
INFO: [ app_end ] --START--
INFO: Run Behavior\ShowPageTraceBehavior [ RunTime:0.005804s ]
INFO: [ app_end ] --END-- [ RunTime:0.005980s ]

[ 2017-10-08T23:04:31+08:00 ] ::1 /TPPHP/Home/User/show
INFO: [ app_init ] --START--
INFO: Run Behavior\BuildLiteBehavior [ RunTime:0.000041s ]
INFO: [ app_init ] --END-- [ RunTime:0.001536s ]
INFO: [ app_begin ] --START--
INFO: Run Behavior\ReadHtmlCacheBehavior [ RunTime:0.005644s ]
INFO: [ app_begin ] --END-- [ RunTime:0.005841s ]
NOTIC: [2048] Declaration of Home\Controller\UserController::show() should be compatible with Think\Controller::show($content, $charset = '', $contentType = '', $prefix = '') C:\wamp\www\TPPHP\APPS\Home\Controller\UserController.class.php 第 20 行.
NOTIC: [8] Use of undefined constant HAS_ONE - assumed 'HAS_ONE' C:\wamp\www\TPPHP\ThinkPHP\Common\functions.php 第 588 行.
SQL: SHOW COLUMNS FROM `user` [ RunTime:0.0020s ]
SQL: SELECT * FROM `user`  [ RunTime:0.0009s ]
SQL: SHOW COLUMNS FROM `dept` [ RunTime:0.0021s ]
NOTIC: [8] Undefined variable: relationData C:\wamp\www\TPPHP\ThinkPHP\Library\Think\Model\RelationModel.class.php 第 227 行.
NOTIC: [8] Undefined variable: relationData C:\wamp\www\TPPHP\ThinkPHP\Library\Think\Model\RelationModel.class.php 第 227 行.
INFO: [ app_end ] --START--
INFO: Run Behavior\ShowPageTraceBehavior [ RunTime:0.005404s ]
INFO: [ app_end ] --END-- [ RunTime:0.005561s ]

[ 2017-10-08T23:04:44+08:00 ] ::1 /TPPHP/Home/User/show
INFO: [ app_init ] --START--
INFO: Run Behavior\BuildLiteBehavior [ RunTime:0.000039s ]
INFO: [ app_init ] --END-- [ RunTime:0.001638s ]
INFO: [ app_begin ] --START--
INFO: Run Behavior\ReadHtmlCacheBehavior [ RunTime:0.005876s ]
INFO: [ app_begin ] --END-- [ RunTime:0.006064s ]
NOTIC: [2048] Declaration of Home\Controller\UserController::show() should be compatible with Think\Controller::show($content, $charset = '', $contentType = '', $prefix = '') C:\wamp\www\TPPHP\APPS\Home\Controller\UserController.class.php 第 20 行.
SQL: SHOW COLUMNS FROM `user` [ RunTime:0.0020s ]
SQL: SELECT * FROM `user`  [ RunTime:0.0007s ]
SQL: SHOW COLUMNS FROM `dept` [ RunTime:0.0041s ]
ERR: 1054:Unknown column 'dept_id' in 'where clause'
 [ SQL语句 ] : SELECT * FROM `dept` WHERE ( 1=1 AND dept_id='1' ) LIMIT 1  
ERR: 1054:Unknown column 'dept_id' in 'where clause'
 [ SQL语句 ] : SELECT * FROM `dept` WHERE ( 1=1 AND dept_id='1' ) LIMIT 1  

[ 2017-10-08T23:05:27+08:00 ] ::1 /TPPHP/Home/User/show
INFO: [ app_init ] --START--
INFO: Run Behavior\BuildLiteBehavior [ RunTime:0.000039s ]
INFO: [ app_init ] --END-- [ RunTime:0.001484s ]
INFO: [ app_begin ] --START--
INFO: Run Behavior\ReadHtmlCacheBehavior [ RunTime:0.005543s ]
INFO: [ app_begin ] --END-- [ RunTime:0.005737s ]
NOTIC: [2048] Declaration of Home\Controller\UserController::show() should be compatible with Think\Controller::show($content, $charset = '', $contentType = '', $prefix = '') C:\wamp\www\TPPHP\APPS\Home\Controller\UserController.class.php 第 20 行.

[ 2017-10-08T23:05:41+08:00 ] ::1 /TPPHP/Home/User/show
INFO: [ app_init ] --START--
INFO: Run Behavior\BuildLiteBehavior [ RunTime:0.000044s ]
INFO: [ app_init ] --END-- [ RunTime:0.002655s ]
INFO: [ app_begin ] --START--
INFO: Run Behavior\ReadHtmlCacheBehavior [ RunTime:0.006137s ]
INFO: [ app_begin ] --END-- [ RunTime:0.006335s ]
NOTIC: [2048] Declaration of Home\Controller\UserController::show() should be compatible with Think\Controller::show($content, $charset = '', $contentType = '', $prefix = '') C:\wamp\www\TPPHP\APPS\Home\Controller\UserController.class.php 第 20 行.
SQL: SHOW COLUMNS FROM `user` [ RunTime:0.0034s ]
SQL: SELECT * FROM `user`  [ RunTime:0.0009s ]
SQL: SHOW COLUMNS FROM `dept` [ RunTime:0.0030s ]
SQL: SELECT * FROM `dept` WHERE ( 1=1 AND id='1' ) LIMIT 1   [ RunTime:0.0014s ]
SQL: SELECT * FROM `dept` WHERE ( 1=1 AND id='2' ) LIMIT 1   [ RunTime:0.0006s ]
INFO: [ app_end ] --START--
INFO: Run Behavior\ShowPageTraceBehavior [ RunTime:0.006227s ]
INFO: [ app_end ] --END-- [ RunTime:0.006380s ]

