[ 2017-10-09T08:27:27+08:00 ] ::1 /TPPHP/Home/Index
INFO: [ app_init ] --START--
INFO: Run Behavior\BuildLiteBehavior [ RunTime:0.000000s ]
INFO: [ app_init ] --END-- [ RunTime:0.004000s ]
INFO: [ app_begin ] --START--
INFO: Run Behavior\ReadHtmlCacheBehavior [ RunTime:0.005000s ]
INFO: [ app_begin ] --END-- [ RunTime:0.005000s ]
INFO: [ view_parse ] --START--
INFO: [ template_filter ] --START--
INFO: Run Behavior\ContentReplaceBehavior [ RunTime:0.000000s ]
INFO: [ template_filter ] --END-- [ RunTime:0.001000s ]
INFO: Run Behavior\ParseTemplateBehavior [ RunTime:0.032002s ]
INFO: [ view_parse ] --END-- [ RunTime:0.033002s ]
INFO: [ view_filter ] --START--
INFO: Run Behavior\WriteHtmlCacheBehavior [ RunTime:0.004001s ]
INFO: [ view_filter ] --END-- [ RunTime:0.004001s ]
INFO: [ app_end ] --START--
INFO: Run Behavior\ShowPageTraceBehavior [ RunTime:0.005000s ]
INFO: [ app_end ] --END-- [ RunTime:0.005000s ]

[ 2017-10-09T08:27:33+08:00 ] ::1 /TPPHP/Home/show
INFO: [ app_init ] --START--
INFO: Run Behavior\BuildLiteBehavior [ RunTime:0.000000s ]
INFO: [ app_init ] --END-- [ RunTime:0.001000s ]
INFO: [ app_begin ] --START--
INFO: Run Behavior\ReadHtmlCacheBehavior [ RunTime:0.002000s ]
INFO: [ app_begin ] --END-- [ RunTime:0.003000s ]
ERR: 无法加载控制器:Show

[ 2017-10-09T08:27:38+08:00 ] ::1 /TPPHP/Home/User/show
INFO: [ app_init ] --START--
INFO: Run Behavior\BuildLiteBehavior [ RunTime:0.000000s ]
INFO: [ app_init ] --END-- [ RunTime:0.001001s ]
INFO: [ app_begin ] --START--
INFO: Run Behavior\ReadHtmlCacheBehavior [ RunTime:0.003000s ]
INFO: [ app_begin ] --END-- [ RunTime:0.003000s ]
NOTIC: [2048] Declaration of Home\Controller\UserController::show() should be compatible with Think\Controller::show($content, $charset = '', $contentType = '', $prefix = '') D:\wamp\www\TPPHP\APPS\Home\Controller\UserController.class.php 第 20 行.
SQL: SHOW COLUMNS FROM `user` [ RunTime:0.0010s ]
SQL: SELECT * FROM `user`  [ RunTime:0.0010s ]
SQL: SHOW COLUMNS FROM `dept` [ RunTime:0.0000s ]
SQL: SELECT * FROM `dept` WHERE ( 1=1 AND id='1' ) LIMIT 1   [ RunTime:0.0000s ]
SQL: SELECT * FROM `dept` WHERE ( 1=1 AND id='2' ) LIMIT 1   [ RunTime:0.0000s ]
SQL: SELECT * FROM `dept` WHERE ( 1=1 AND id='3' ) LIMIT 1   [ RunTime:0.0000s ]
INFO: [ app_end ] --START--
INFO: Run Behavior\ShowPageTraceBehavior [ RunTime:0.003000s ]
INFO: [ app_end ] --END-- [ RunTime:0.003000s ]

[ 2017-10-09T08:42:21+08:00 ] ::1 /TPPHP/Home/User/show
INFO: [ app_init ] --START--
INFO: Run Behavior\BuildLiteBehavior [ RunTime:0.000000s ]
INFO: [ app_init ] --END-- [ RunTime:0.001000s ]
INFO: [ app_begin ] --START--
INFO: Run Behavior\ReadHtmlCacheBehavior [ RunTime:0.002001s ]
INFO: [ app_begin ] --END-- [ RunTime:0.002001s ]
NOTIC: [2048] Declaration of Home\Controller\UserController::show() should be compatible with Think\Controller::show($content, $charset = '', $contentType = '', $prefix = '') D:\wamp\www\TPPHP\APPS\Home\Controller\UserController.class.php 第 20 行.
SQL: SHOW COLUMNS FROM `user` [ RunTime:0.0020s ]
SQL: SELECT * FROM `user`  [ RunTime:0.0010s ]
SQL: SHOW COLUMNS FROM `dept` [ RunTime:0.0010s ]
SQL: SELECT `deptname` FROM `dept` WHERE ( 1=1 AND id='1' ) LIMIT 1   [ RunTime:0.0000s ]
SQL: SELECT `deptname` FROM `dept` WHERE ( 1=1 AND id='2' ) LIMIT 1   [ RunTime:0.0000s ]
SQL: SELECT `deptname` FROM `dept` WHERE ( 1=1 AND id='3' ) LIMIT 1   [ RunTime:0.0000s ]
INFO: [ app_end ] --START--
INFO: Run Behavior\ShowPageTraceBehavior [ RunTime:0.002000s ]
INFO: [ app_end ] --END-- [ RunTime:0.002000s ]

[ 2017-10-09T08:42:30+08:00 ] ::1 /TPPHP/Home/User/show
INFO: [ app_init ] --START--
INFO: Run Behavior\BuildLiteBehavior [ RunTime:0.000000s ]
INFO: [ app_init ] --END-- [ RunTime:0.001000s ]
INFO: [ app_begin ] --START--
INFO: Run Behavior\ReadHtmlCacheBehavior [ RunTime:0.001000s ]
INFO: [ app_begin ] --END-- [ RunTime:0.001000s ]
NOTIC: [2048] Declaration of Home\Controller\UserController::show() should be compatible with Think\Controller::show($content, $charset = '', $contentType = '', $prefix = '') D:\wamp\www\TPPHP\APPS\Home\Controller\UserController.class.php 第 20 行.
SQL: SHOW COLUMNS FROM `user` [ RunTime:0.0010s ]
SQL: SELECT * FROM `user`  [ RunTime:0.0000s ]
SQL: SHOW COLUMNS FROM `dept` [ RunTime:0.0010s ]
SQL: SELECT `deptname` FROM `dept` WHERE ( 1=1 AND id='1' ) LIMIT 1   [ RunTime:0.0010s ]
NOTIC: [8] Undefined offset: 12 D:\wamp\www\TPPHP\ThinkPHP\Library\Think\Model\RelationModel.class.php 第 223 行.
SQL: SELECT `deptname` FROM `dept` WHERE ( 1=1 AND id='2' ) LIMIT 1   [ RunTime:0.0010s ]
NOTIC: [8] Undefined offset: 12 D:\wamp\www\TPPHP\ThinkPHP\Library\Think\Model\RelationModel.class.php 第 223 行.
SQL: SELECT `deptname` FROM `dept` WHERE ( 1=1 AND id='3' ) LIMIT 1   [ RunTime:0.0000s ]
NOTIC: [8] Undefined offset: 12 D:\wamp\www\TPPHP\ThinkPHP\Library\Think\Model\RelationModel.class.php 第 223 行.
INFO: [ app_end ] --START--
INFO: Run Behavior\ShowPageTraceBehavior [ RunTime:0.001000s ]
INFO: [ app_end ] --END-- [ RunTime:0.001000s ]

[ 2017-10-09T08:42:40+08:00 ] ::1 /TPPHP/Home/User/show
INFO: [ app_init ] --START--
INFO: Run Behavior\BuildLiteBehavior [ RunTime:0.000000s ]
INFO: [ app_init ] --END-- [ RunTime:0.000000s ]
INFO: [ app_begin ] --START--
INFO: Run Behavior\ReadHtmlCacheBehavior [ RunTime:0.001000s ]
INFO: [ app_begin ] --END-- [ RunTime:0.001000s ]
NOTIC: [2048] Declaration of Home\Controller\UserController::show() should be compatible with Think\Controller::show($content, $charset = '', $contentType = '', $prefix = '') D:\wamp\www\TPPHP\APPS\Home\Controller\UserController.class.php 第 20 行.
SQL: SHOW COLUMNS FROM `user` [ RunTime:0.0010s ]
SQL: SELECT * FROM `user`  [ RunTime:0.0000s ]
SQL: SHOW COLUMNS FROM `dept` [ RunTime:0.0000s ]
SQL: SELECT `deptname` FROM `dept` WHERE ( 1=1 AND id='1' ) LIMIT 1   [ RunTime:0.0000s ]
NOTIC: [8] Undefined index: id D:\wamp\www\TPPHP\ThinkPHP\Library\Think\Model\RelationModel.class.php 第 223 行.
SQL: SELECT `deptname` FROM `dept` WHERE ( 1=1 AND id='2' ) LIMIT 1   [ RunTime:0.0000s ]
NOTIC: [8] Undefined index: id D:\wamp\www\TPPHP\ThinkPHP\Library\Think\Model\RelationModel.class.php 第 223 行.
SQL: SELECT `deptname` FROM `dept` WHERE ( 1=1 AND id='3' ) LIMIT 1   [ RunTime:0.0000s ]
NOTIC: [8] Undefined index: id D:\wamp\www\TPPHP\ThinkPHP\Library\Think\Model\RelationModel.class.php 第 223 行.
INFO: [ app_end ] --START--
INFO: Run Behavior\ShowPageTraceBehavior [ RunTime:0.001000s ]
INFO: [ app_end ] --END-- [ RunTime:0.002000s ]

[ 2017-10-09T08:42:48+08:00 ] ::1 /TPPHP/Home/User/show
INFO: [ app_init ] --START--
INFO: Run Behavior\BuildLiteBehavior [ RunTime:0.000000s ]
INFO: [ app_init ] --END-- [ RunTime:0.001000s ]
INFO: [ app_begin ] --START--
INFO: Run Behavior\ReadHtmlCacheBehavior [ RunTime:0.001000s ]
INFO: [ app_begin ] --END-- [ RunTime:0.001000s ]
NOTIC: [2048] Declaration of Home\Controller\UserController::show() should be compatible with Think\Controller::show($content, $charset = '', $contentType = '', $prefix = '') D:\wamp\www\TPPHP\APPS\Home\Controller\UserController.class.php 第 20 行.
SQL: SHOW COLUMNS FROM `user` [ RunTime:0.0010s ]
SQL: SELECT * FROM `user`  [ RunTime:0.0000s ]
SQL: SHOW COLUMNS FROM `dept` [ RunTime:0.0000s ]
SQL: SELECT `deptname` FROM `dept` WHERE ( 1=1 AND id='1' ) LIMIT 1   [ RunTime:0.0000s ]
SQL: SELECT `deptname` FROM `dept` WHERE ( 1=1 AND id='2' ) LIMIT 1   [ RunTime:0.0000s ]
SQL: SELECT `deptname` FROM `dept` WHERE ( 1=1 AND id='3' ) LIMIT 1   [ RunTime:0.0000s ]
INFO: [ app_end ] --START--
INFO: Run Behavior\ShowPageTraceBehavior [ RunTime:0.001000s ]
INFO: [ app_end ] --END-- [ RunTime:0.002000s ]

[ 2017-10-09T08:52:41+08:00 ] ::1 /TPPHP/Home/User/show
INFO: [ app_init ] --START--
INFO: Run Behavior\BuildLiteBehavior [ RunTime:0.000000s ]
INFO: [ app_init ] --END-- [ RunTime:0.024001s ]
INFO: [ app_begin ] --START--
INFO: Run Behavior\ReadHtmlCacheBehavior [ RunTime:0.018001s ]
INFO: [ app_begin ] --END-- [ RunTime:0.020001s ]
NOTIC: [2048] Declaration of Home\Controller\UserController::show() should be compatible with Think\Controller::show($content, $charset = '', $contentType = '', $prefix = '') D:\wamp\www\TPPHP\APPS\Home\Controller\UserController.class.php 第 20 行.

[ 2017-10-09T08:53:11+08:00 ] ::1 /TPPHP/Home/User/show
INFO: [ app_init ] --START--
INFO: Run Behavior\BuildLiteBehavior [ RunTime:0.000000s ]
INFO: [ app_init ] --END-- [ RunTime:0.024002s ]
INFO: [ app_begin ] --START--
INFO: Run Behavior\ReadHtmlCacheBehavior [ RunTime:0.029002s ]
INFO: [ app_begin ] --END-- [ RunTime:0.029002s ]
NOTIC: [2048] Declaration of Home\Controller\UserController::show() should be compatible with Think\Controller::show($content, $charset = '', $contentType = '', $prefix = '') D:\wamp\www\TPPHP\APPS\Home\Controller\UserController.class.php 第 20 行.

[ 2017-10-09T08:53:29+08:00 ] ::1 /TPPHP/Home/User/show
INFO: [ app_init ] --START--
INFO: Run Behavior\BuildLiteBehavior [ RunTime:0.000000s ]
INFO: [ app_init ] --END-- [ RunTime:0.000000s ]
INFO: [ app_begin ] --START--
INFO: Run Behavior\ReadHtmlCacheBehavior [ RunTime:0.001000s ]
INFO: [ app_begin ] --END-- [ RunTime:0.001000s ]
NOTIC: [2048] Declaration of Home\Controller\UserController::show() should be compatible with Think\Controller::show($content, $charset = '', $contentType = '', $prefix = '') D:\wamp\www\TPPHP\APPS\Home\Controller\UserController.class.php 第 20 行.
SQL: SHOW COLUMNS FROM `user` [ RunTime:0.0010s ]
SQL: SELECT * FROM `user`  [ RunTime:0.0000s ]
SQL: SHOW COLUMNS FROM `dept` [ RunTime:0.0010s ]
SQL: SELECT `deptname` FROM `dept` WHERE ( 1=1 AND id='1' ) LIMIT 1   [ RunTime:0.0000s ]
SQL: SHOW COLUMNS FROM `profiles` [ RunTime:0.0010s ]
SQL: SELECT * FROM `profiles` WHERE ( 1=1 AND user_id='3' ) LIMIT 1   [ RunTime:0.0000s ]
SQL: SELECT `deptname` FROM `dept` WHERE ( 1=1 AND id='2' ) LIMIT 1   [ RunTime:0.0000s ]
SQL: SELECT * FROM `profiles` WHERE ( 1=1 AND user_id='4' ) LIMIT 1   [ RunTime:0.0000s ]
SQL: SELECT `deptname` FROM `dept` WHERE ( 1=1 AND id='3' ) LIMIT 1   [ RunTime:0.0010s ]
SQL: SELECT * FROM `profiles` WHERE ( 1=1 AND user_id='7' ) LIMIT 1   [ RunTime:0.0000s ]
INFO: [ app_end ] --START--
INFO: Run Behavior\ShowPageTraceBehavior [ RunTime:0.010000s ]
INFO: [ app_end ] --END-- [ RunTime:0.010000s ]

[ 2017-10-09T10:13:06+08:00 ] ::1 /TPPHP/Home/User/show
INFO: [ app_init ] --START--
INFO: Run Behavior\BuildLiteBehavior [ RunTime:0.000000s ]
INFO: [ app_init ] --END-- [ RunTime:0.001000s ]
INFO: [ app_begin ] --START--
INFO: Run Behavior\ReadHtmlCacheBehavior [ RunTime:0.013001s ]
INFO: [ app_begin ] --END-- [ RunTime:0.013001s ]
NOTIC: [2048] Declaration of Home\Controller\UserController::show() should be compatible with Think\Controller::show($content, $charset = '', $contentType = '', $prefix = '') D:\wamp\www\TPPHP\APPS\Home\Controller\UserController.class.php 第 20 行.
SQL: SHOW COLUMNS FROM `user` [ RunTime:0.0020s ]
SQL: SELECT * FROM `user`  [ RunTime:0.0010s ]
SQL: SHOW COLUMNS FROM `dept` [ RunTime:0.0000s ]
SQL: SELECT `deptname` FROM `dept` WHERE ( 1=1 AND id='1' ) LIMIT 1   [ RunTime:0.0010s ]
SQL: SHOW COLUMNS FROM `profiles` [ RunTime:0.0010s ]
SQL: SELECT * FROM `profiles` WHERE ( 1=1 AND user_id='3' ) LIMIT 1   [ RunTime:0.0010s ]
ERR: 1146:Table 'php.group' doesn't exist
 [ SQL语句 ] : SHOW COLUMNS FROM `group`
ERR: 1146:Table 'php.group' doesn't exist
 [ SQL语句 ] : SHOW COLUMNS FROM `group`

[ 2017-10-09T10:13:26+08:00 ] ::1 /TPPHP/Home/User/show
INFO: [ app_init ] --START--
INFO: Run Behavior\BuildLiteBehavior [ RunTime:0.000000s ]
INFO: [ app_init ] --END-- [ RunTime:0.002000s ]
INFO: [ app_begin ] --START--
INFO: Run Behavior\ReadHtmlCacheBehavior [ RunTime:0.001000s ]
INFO: [ app_begin ] --END-- [ RunTime:0.001000s ]
NOTIC: [2048] Declaration of Home\Controller\UserController::show() should be compatible with Think\Controller::show($content, $charset = '', $contentType = '', $prefix = '') D:\wamp\www\TPPHP\APPS\Home\Controller\UserController.class.php 第 20 行.
SQL: SHOW COLUMNS FROM `user` [ RunTime:0.0010s ]
SQL: SELECT * FROM `user`  [ RunTime:0.0000s ]
SQL: SHOW COLUMNS FROM `dept` [ RunTime:0.0010s ]
SQL: SELECT `deptname` FROM `dept` WHERE ( 1=1 AND id='1' ) LIMIT 1   [ RunTime:0.0000s ]
SQL: SHOW COLUMNS FROM `profiles` [ RunTime:0.0010s ]
SQL: SELECT * FROM `profiles` WHERE ( 1=1 AND user_id='3' ) LIMIT 1   [ RunTime:0.0010s ]
SQL: SHOW COLUMNS FROM `grp` [ RunTime:0.0000s ]
NOTIC: [8] Undefined index: mapping_order D:\wamp\www\TPPHP\ThinkPHP\Library\Think\Model\RelationModel.class.php 第 186 行.
NOTIC: [8] Undefined index: mapping_limit D:\wamp\www\TPPHP\ThinkPHP\Library\Think\Model\RelationModel.class.php 第 187 行.
ERR: 1146:Table 'php.think_user_group' doesn't exist
 [ SQL语句 ] : SELECT b.* FROM think_user_group AS a, grp AS b WHERE a.group_id = b.id AND a. user_id='3'
ERR: 1146:Table 'php.think_user_group' doesn't exist
 [ SQL语句 ] : SELECT b.* FROM think_user_group AS a, grp AS b WHERE a.group_id = b.id AND a. user_id='3'

[ 2017-10-09T10:15:23+08:00 ] ::1 /TPPHP/Home/User/show
INFO: [ app_init ] --START--
INFO: Run Behavior\BuildLiteBehavior [ RunTime:0.000000s ]
INFO: [ app_init ] --END-- [ RunTime:0.002000s ]
INFO: [ app_begin ] --START--
INFO: Run Behavior\ReadHtmlCacheBehavior [ RunTime:0.003001s ]
INFO: [ app_begin ] --END-- [ RunTime:0.003001s ]
NOTIC: [2048] Declaration of Home\Controller\UserController::show() should be compatible with Think\Controller::show($content, $charset = '', $contentType = '', $prefix = '') D:\wamp\www\TPPHP\APPS\Home\Controller\UserController.class.php 第 20 行.
SQL: SHOW COLUMNS FROM `user` [ RunTime:0.0010s ]
SQL: SELECT * FROM `user`  [ RunTime:0.0010s ]
SQL: SHOW COLUMNS FROM `dept` [ RunTime:0.0000s ]
SQL: SELECT `deptname` FROM `dept` WHERE ( 1=1 AND id='1' ) LIMIT 1   [ RunTime:0.0000s ]
SQL: SHOW COLUMNS FROM `profiles` [ RunTime:0.0000s ]
SQL: SELECT * FROM `profiles` WHERE ( 1=1 AND user_id='3' ) LIMIT 1   [ RunTime:0.0000s ]
SQL: SHOW COLUMNS FROM `grp` [ RunTime:0.0010s ]
NOTIC: [8] Undefined index: mapping_order D:\wamp\www\TPPHP\ThinkPHP\Library\Think\Model\RelationModel.class.php 第 186 行.
NOTIC: [8] Undefined index: mapping_limit D:\wamp\www\TPPHP\ThinkPHP\Library\Think\Model\RelationModel.class.php 第 187 行.
SQL: SELECT b.* FROM user_grp AS a, grp AS b WHERE a.group_id = b.id AND a. user_id='3' [ RunTime:0.0010s ]
SQL: SELECT `deptname` FROM `dept` WHERE ( 1=1 AND id='2' ) LIMIT 1   [ RunTime:0.0010s ]
SQL: SELECT * FROM `profiles` WHERE ( 1=1 AND user_id='4' ) LIMIT 1   [ RunTime:0.0000s ]
NOTIC: [8] Undefined index: mapping_order D:\wamp\www\TPPHP\ThinkPHP\Library\Think\Model\RelationModel.class.php 第 186 行.
NOTIC: [8] Undefined index: mapping_limit D:\wamp\www\TPPHP\ThinkPHP\Library\Think\Model\RelationModel.class.php 第 187 行.
SQL: SELECT b.* FROM user_grp AS a, grp AS b WHERE a.group_id = b.id AND a. user_id='4' [ RunTime:0.0000s ]
SQL: SELECT `deptname` FROM `dept` WHERE ( 1=1 AND id='3' ) LIMIT 1   [ RunTime:0.0000s ]
SQL: SELECT * FROM `profiles` WHERE ( 1=1 AND user_id='7' ) LIMIT 1   [ RunTime:0.0000s ]
NOTIC: [8] Undefined index: mapping_order D:\wamp\www\TPPHP\ThinkPHP\Library\Think\Model\RelationModel.class.php 第 186 行.
NOTIC: [8] Undefined index: mapping_limit D:\wamp\www\TPPHP\ThinkPHP\Library\Think\Model\RelationModel.class.php 第 187 行.
SQL: SELECT b.* FROM user_grp AS a, grp AS b WHERE a.group_id = b.id AND a. user_id='7' [ RunTime:0.0000s ]
INFO: [ app_end ] --START--
INFO: Run Behavior\ShowPageTraceBehavior [ RunTime:0.017000s ]
INFO: [ app_end ] --END-- [ RunTime:0.017000s ]

[ 2017-10-09T10:15:56+08:00 ] ::1 /TPPHP/Home/User/show
INFO: [ app_init ] --START--
INFO: Run Behavior\BuildLiteBehavior [ RunTime:0.000000s ]
INFO: [ app_init ] --END-- [ RunTime:0.001000s ]
INFO: [ app_begin ] --START--
INFO: Run Behavior\ReadHtmlCacheBehavior [ RunTime:0.002000s ]
INFO: [ app_begin ] --END-- [ RunTime:0.002000s ]
NOTIC: [2048] Declaration of Home\Controller\UserController::show() should be compatible with Think\Controller::show($content, $charset = '', $contentType = '', $prefix = '') D:\wamp\www\TPPHP\APPS\Home\Controller\UserController.class.php 第 20 行.

[ 2017-10-09T10:16:07+08:00 ] ::1 /TPPHP/Home/User/show
INFO: [ app_init ] --START--
INFO: Run Behavior\BuildLiteBehavior [ RunTime:0.000000s ]
INFO: [ app_init ] --END-- [ RunTime:0.001000s ]
INFO: [ app_begin ] --START--
INFO: Run Behavior\ReadHtmlCacheBehavior [ RunTime:0.003001s ]
INFO: [ app_begin ] --END-- [ RunTime:0.003001s ]
NOTIC: [2048] Declaration of Home\Controller\UserController::show() should be compatible with Think\Controller::show($content, $charset = '', $contentType = '', $prefix = '') D:\wamp\www\TPPHP\APPS\Home\Controller\UserController.class.php 第 20 行.
SQL: SHOW COLUMNS FROM `user` [ RunTime:0.0010s ]
SQL: SELECT * FROM `user`  [ RunTime:0.0000s ]
SQL: SHOW COLUMNS FROM `dept` [ RunTime:0.0010s ]
SQL: SELECT `deptname` FROM `dept` WHERE ( 1=1 AND id='1' ) LIMIT 1   [ RunTime:0.0000s ]
SQL: SHOW COLUMNS FROM `profiles` [ RunTime:0.0010s ]
SQL: SELECT * FROM `profiles` WHERE ( 1=1 AND user_id='3' ) LIMIT 1   [ RunTime:0.0000s ]
SQL: SHOW COLUMNS FROM `grp` [ RunTime:0.0000s ]
NOTIC: [8] Undefined index: mapping_order D:\wamp\www\TPPHP\ThinkPHP\Library\Think\Model\RelationModel.class.php 第 186 行.
NOTIC: [8] Undefined index: mapping_limit D:\wamp\www\TPPHP\ThinkPHP\Library\Think\Model\RelationModel.class.php 第 187 行.
SQL: SELECT b.groupname FROM user_grp AS a, grp AS b WHERE a.group_id = b.id AND a. user_id='3' [ RunTime:0.0010s ]
SQL: SELECT `deptname` FROM `dept` WHERE ( 1=1 AND id='2' ) LIMIT 1   [ RunTime:0.0000s ]
SQL: SELECT * FROM `profiles` WHERE ( 1=1 AND user_id='4' ) LIMIT 1   [ RunTime:0.0000s ]
NOTIC: [8] Undefined index: mapping_order D:\wamp\www\TPPHP\ThinkPHP\Library\Think\Model\RelationModel.class.php 第 186 行.
NOTIC: [8] Undefined index: mapping_limit D:\wamp\www\TPPHP\ThinkPHP\Library\Think\Model\RelationModel.class.php 第 187 行.
SQL: SELECT b.groupname FROM user_grp AS a, grp AS b WHERE a.group_id = b.id AND a. user_id='4' [ RunTime:0.0000s ]
SQL: SELECT `deptname` FROM `dept` WHERE ( 1=1 AND id='3' ) LIMIT 1   [ RunTime:0.0010s ]
SQL: SELECT * FROM `profiles` WHERE ( 1=1 AND user_id='7' ) LIMIT 1   [ RunTime:0.0000s ]
NOTIC: [8] Undefined index: mapping_order D:\wamp\www\TPPHP\ThinkPHP\Library\Think\Model\RelationModel.class.php 第 186 行.
NOTIC: [8] Undefined index: mapping_limit D:\wamp\www\TPPHP\ThinkPHP\Library\Think\Model\RelationModel.class.php 第 187 行.
SQL: SELECT b.groupname FROM user_grp AS a, grp AS b WHERE a.group_id = b.id AND a. user_id='7' [ RunTime:0.0000s ]
INFO: [ app_end ] --START--
INFO: Run Behavior\ShowPageTraceBehavior [ RunTime:0.002000s ]
INFO: [ app_end ] --END-- [ RunTime:0.003000s ]

[ 2017-10-09T10:16:29+08:00 ] ::1 /TPPHP/Home/User/show
INFO: [ app_init ] --START--
INFO: Run Behavior\BuildLiteBehavior [ RunTime:0.000000s ]
INFO: [ app_init ] --END-- [ RunTime:0.001000s ]
INFO: [ app_begin ] --START--
INFO: Run Behavior\ReadHtmlCacheBehavior [ RunTime:0.002000s ]
INFO: [ app_begin ] --END-- [ RunTime:0.003000s ]
NOTIC: [2048] Declaration of Home\Controller\UserController::show() should be compatible with Think\Controller::show($content, $charset = '', $contentType = '', $prefix = '') D:\wamp\www\TPPHP\APPS\Home\Controller\UserController.class.php 第 20 行.
SQL: SHOW COLUMNS FROM `user` [ RunTime:0.0010s ]
SQL: SELECT * FROM `user`  [ RunTime:0.0010s ]
SQL: SHOW COLUMNS FROM `dept` [ RunTime:0.0000s ]
SQL: SELECT `deptname` FROM `dept` WHERE ( 1=1 AND id='1' ) LIMIT 1   [ RunTime:0.0000s ]
SQL: SHOW COLUMNS FROM `profiles` [ RunTime:0.0010s ]
SQL: SELECT * FROM `profiles` WHERE ( 1=1 AND user_id='3' ) LIMIT 1   [ RunTime:0.0010s ]
SQL: SHOW COLUMNS FROM `grp` [ RunTime:0.0000s ]
NOTIC: [8] Undefined index: mapping_order D:\wamp\www\TPPHP\ThinkPHP\Library\Think\Model\RelationModel.class.php 第 186 行.
NOTIC: [8] Undefined index: mapping_limit D:\wamp\www\TPPHP\ThinkPHP\Library\Think\Model\RelationModel.class.php 第 187 行.
SQL: SELECT b.groupname FROM user_grp AS a, grp AS b WHERE a.group_id = b.id AND a. user_id='3' [ RunTime:0.0000s ]
SQL: SELECT `deptname` FROM `dept` WHERE ( 1=1 AND id='2' ) LIMIT 1   [ RunTime:0.0000s ]
SQL: SELECT * FROM `profiles` WHERE ( 1=1 AND user_id='4' ) LIMIT 1   [ RunTime:0.0000s ]
NOTIC: [8] Undefined index: mapping_order D:\wamp\www\TPPHP\ThinkPHP\Library\Think\Model\RelationModel.class.php 第 186 行.
NOTIC: [8] Undefined index: mapping_limit D:\wamp\www\TPPHP\ThinkPHP\Library\Think\Model\RelationModel.class.php 第 187 行.
SQL: SELECT b.groupname FROM user_grp AS a, grp AS b WHERE a.group_id = b.id AND a. user_id='4' [ RunTime:0.0010s ]
SQL: SELECT `deptname` FROM `dept` WHERE ( 1=1 AND id='3' ) LIMIT 1   [ RunTime:0.0000s ]
SQL: SELECT * FROM `profiles` WHERE ( 1=1 AND user_id='7' ) LIMIT 1   [ RunTime:0.0000s ]
NOTIC: [8] Undefined index: mapping_order D:\wamp\www\TPPHP\ThinkPHP\Library\Think\Model\RelationModel.class.php 第 186 行.
NOTIC: [8] Undefined index: mapping_limit D:\wamp\www\TPPHP\ThinkPHP\Library\Think\Model\RelationModel.class.php 第 187 行.
SQL: SELECT b.groupname FROM user_grp AS a, grp AS b WHERE a.group_id = b.id AND a. user_id='7' [ RunTime:0.0000s ]
INFO: [ app_end ] --START--
INFO: Run Behavior\ShowPageTraceBehavior [ RunTime:0.003000s ]
INFO: [ app_end ] --END-- [ RunTime:0.003000s ]

[ 2017-10-09T10:16:36+08:00 ] ::1 /TPPHP/Home/User/show
INFO: [ app_init ] --START--
INFO: Run Behavior\BuildLiteBehavior [ RunTime:0.000000s ]
INFO: [ app_init ] --END-- [ RunTime:0.001000s ]
INFO: [ app_begin ] --START--
INFO: Run Behavior\ReadHtmlCacheBehavior [ RunTime:0.001000s ]
INFO: [ app_begin ] --END-- [ RunTime:0.001000s ]
NOTIC: [2048] Declaration of Home\Controller\UserController::show() should be compatible with Think\Controller::show($content, $charset = '', $contentType = '', $prefix = '') D:\wamp\www\TPPHP\APPS\Home\Controller\UserController.class.php 第 20 行.
SQL: SHOW COLUMNS FROM `user` [ RunTime:0.0010s ]
SQL: SELECT * FROM `user`  [ RunTime:0.0010s ]
SQL: SHOW COLUMNS FROM `dept` [ RunTime:0.0000s ]
SQL: SELECT `deptname` FROM `dept` WHERE ( 1=1 AND id='1' ) LIMIT 1   [ RunTime:0.0000s ]
SQL: SHOW COLUMNS FROM `profiles` [ RunTime:0.0010s ]
SQL: SELECT * FROM `profiles` WHERE ( 1=1 AND user_id='3' ) LIMIT 1   [ RunTime:0.0010s ]
SQL: SHOW COLUMNS FROM `grp` [ RunTime:0.0000s ]
NOTIC: [8] Undefined index: mapping_order D:\wamp\www\TPPHP\ThinkPHP\Library\Think\Model\RelationModel.class.php 第 186 行.
NOTIC: [8] Undefined index: mapping_limit D:\wamp\www\TPPHP\ThinkPHP\Library\Think\Model\RelationModel.class.php 第 187 行.
SQL: SELECT b.* FROM user_grp AS a, grp AS b WHERE a.group_id = b.id AND a. user_id='3' [ RunTime:0.0000s ]
SQL: SELECT `deptname` FROM `dept` WHERE ( 1=1 AND id='2' ) LIMIT 1   [ RunTime:0.0000s ]
SQL: SELECT * FROM `profiles` WHERE ( 1=1 AND user_id='4' ) LIMIT 1   [ RunTime:0.0000s ]
NOTIC: [8] Undefined index: mapping_order D:\wamp\www\TPPHP\ThinkPHP\Library\Think\Model\RelationModel.class.php 第 186 行.
NOTIC: [8] Undefined index: mapping_limit D:\wamp\www\TPPHP\ThinkPHP\Library\Think\Model\RelationModel.class.php 第 187 行.
SQL: SELECT b.* FROM user_grp AS a, grp AS b WHERE a.group_id = b.id AND a. user_id='4' [ RunTime:0.0000s ]
SQL: SELECT `deptname` FROM `dept` WHERE ( 1=1 AND id='3' ) LIMIT 1   [ RunTime:0.0000s ]
SQL: SELECT * FROM `profiles` WHERE ( 1=1 AND user_id='7' ) LIMIT 1   [ RunTime:0.0000s ]
NOTIC: [8] Undefined index: mapping_order D:\wamp\www\TPPHP\ThinkPHP\Library\Think\Model\RelationModel.class.php 第 186 行.
NOTIC: [8] Undefined index: mapping_limit D:\wamp\www\TPPHP\ThinkPHP\Library\Think\Model\RelationModel.class.php 第 187 行.
SQL: SELECT b.* FROM user_grp AS a, grp AS b WHERE a.group_id = b.id AND a. user_id='7' [ RunTime:0.0010s ]
INFO: [ app_end ] --START--
INFO: Run Behavior\ShowPageTraceBehavior [ RunTime:0.001000s ]
INFO: [ app_end ] --END-- [ RunTime:0.001000s ]

[ 2017-10-09T10:16:40+08:00 ] ::1 /TPPHP/Home/User/show
INFO: [ app_init ] --START--
INFO: Run Behavior\BuildLiteBehavior [ RunTime:0.000000s ]
INFO: [ app_init ] --END-- [ RunTime:0.001001s ]
INFO: [ app_begin ] --START--
INFO: Run Behavior\ReadHtmlCacheBehavior [ RunTime:0.001000s ]
INFO: [ app_begin ] --END-- [ RunTime:0.001000s ]
NOTIC: [2048] Declaration of Home\Controller\UserController::show() should be compatible with Think\Controller::show($content, $charset = '', $contentType = '', $prefix = '') D:\wamp\www\TPPHP\APPS\Home\Controller\UserController.class.php 第 20 行.
SQL: SHOW COLUMNS FROM `user` [ RunTime:0.0010s ]
SQL: SELECT * FROM `user`  [ RunTime:0.0010s ]
SQL: SHOW COLUMNS FROM `dept` [ RunTime:0.0010s ]
SQL: SELECT `deptname` FROM `dept` WHERE ( 1=1 AND id='1' ) LIMIT 1   [ RunTime:0.0010s ]
SQL: SHOW COLUMNS FROM `profiles` [ RunTime:0.0000s ]
SQL: SELECT * FROM `profiles` WHERE ( 1=1 AND user_id='3' ) LIMIT 1   [ RunTime:0.0000s ]
SQL: SHOW COLUMNS FROM `grp` [ RunTime:0.0010s ]
NOTIC: [8] Undefined index: mapping_order D:\wamp\www\TPPHP\ThinkPHP\Library\Think\Model\RelationModel.class.php 第 186 行.
NOTIC: [8] Undefined index: mapping_limit D:\wamp\www\TPPHP\ThinkPHP\Library\Think\Model\RelationModel.class.php 第 187 行.
SQL: SELECT b.* FROM user_grp AS a, grp AS b WHERE a.group_id = b.id AND a. user_id='3' [ RunTime:0.0010s ]
SQL: SELECT `deptname` FROM `dept` WHERE ( 1=1 AND id='2' ) LIMIT 1   [ RunTime:0.0010s ]
SQL: SELECT * FROM `profiles` WHERE ( 1=1 AND user_id='4' ) LIMIT 1   [ RunTime:0.0000s ]
NOTIC: [8] Undefined index: mapping_order D:\wamp\www\TPPHP\ThinkPHP\Library\Think\Model\RelationModel.class.php 第 186 行.
NOTIC: [8] Undefined index: mapping_limit D:\wamp\www\TPPHP\ThinkPHP\Library\Think\Model\RelationModel.class.php 第 187 行.
SQL: SELECT b.* FROM user_grp AS a, grp AS b WHERE a.group_id = b.id AND a. user_id='4' [ RunTime:0.0000s ]
SQL: SELECT `deptname` FROM `dept` WHERE ( 1=1 AND id='3' ) LIMIT 1   [ RunTime:0.0000s ]
SQL: SELECT * FROM `profiles` WHERE ( 1=1 AND user_id='7' ) LIMIT 1   [ RunTime:0.0010s ]
NOTIC: [8] Undefined index: mapping_order D:\wamp\www\TPPHP\ThinkPHP\Library\Think\Model\RelationModel.class.php 第 186 行.
NOTIC: [8] Undefined index: mapping_limit D:\wamp\www\TPPHP\ThinkPHP\Library\Think\Model\RelationModel.class.php 第 187 行.
SQL: SELECT b.* FROM user_grp AS a, grp AS b WHERE a.group_id = b.id AND a. user_id='7' [ RunTime:0.0010s ]
INFO: [ app_end ] --START--
INFO: Run Behavior\ShowPageTraceBehavior [ RunTime:0.001000s ]
INFO: [ app_end ] --END-- [ RunTime:0.001000s ]

[ 2017-10-09T17:35:37+08:00 ] ::1 /TPPHP/Home/User/show
INFO: [ app_init ] --START--
INFO: Run Behavior\BuildLiteBehavior [ RunTime:0.000000s ]
INFO: [ app_init ] --END-- [ RunTime:0.028004s ]
INFO: [ app_begin ] --START--
INFO: Run Behavior\ReadHtmlCacheBehavior [ RunTime:0.006001s ]
INFO: [ app_begin ] --END-- [ RunTime:0.006501s ]
NOTIC: [2048] Declaration of Home\Controller\UserController::show() should be compatible with Think\Controller::show($content, $charset = '', $contentType = '', $prefix = '') D:\wamp\www\TPPHP\APPS\Home\Controller\UserController.class.php 第 21 行.
SQL: SHOW COLUMNS FROM `user` [ RunTime:0.0235s ]
SQL: SELECT * FROM `user`  [ RunTime:0.0005s ]
SQL: SHOW COLUMNS FROM `dept` [ RunTime:0.0170s ]
SQL: SELECT `deptname` FROM `dept` WHERE ( 1=1 AND id='1' ) LIMIT 1   [ RunTime:0.0005s ]
SQL: SHOW COLUMNS FROM `profiles` [ RunTime:0.0200s ]
SQL: SELECT * FROM `profiles` WHERE ( 1=1 AND user_id='3' ) LIMIT 1   [ RunTime:0.0010s ]
SQL: SHOW COLUMNS FROM `grp` [ RunTime:0.0275s ]
NOTIC: [8] Undefined index: mapping_order D:\wamp\www\TPPHP\ThinkPHP\Library\Think\Model\RelationModel.class.php 第 186 行.
NOTIC: [8] Undefined index: mapping_limit D:\wamp\www\TPPHP\ThinkPHP\Library\Think\Model\RelationModel.class.php 第 187 行.
SQL: SELECT b.* FROM user_grp AS a, grp AS b WHERE a.group_id = b.id AND a. user_id='3' [ RunTime:0.0200s ]
SQL: SELECT `deptname` FROM `dept` WHERE ( 1=1 AND id='2' ) LIMIT 1   [ RunTime:0.0000s ]
SQL: SELECT * FROM `profiles` WHERE ( 1=1 AND user_id='4' ) LIMIT 1   [ RunTime:0.0005s ]
NOTIC: [8] Undefined index: mapping_order D:\wamp\www\TPPHP\ThinkPHP\Library\Think\Model\RelationModel.class.php 第 186 行.
NOTIC: [8] Undefined index: mapping_limit D:\wamp\www\TPPHP\ThinkPHP\Library\Think\Model\RelationModel.class.php 第 187 行.
SQL: SELECT b.* FROM user_grp AS a, grp AS b WHERE a.group_id = b.id AND a. user_id='4' [ RunTime:0.0000s ]
SQL: SELECT `deptname` FROM `dept` WHERE ( 1=1 AND id='3' ) LIMIT 1   [ RunTime:0.0000s ]
SQL: SELECT * FROM `profiles` WHERE ( 1=1 AND user_id='7' ) LIMIT 1   [ RunTime:0.0005s ]
NOTIC: [8] Undefined index: mapping_order D:\wamp\www\TPPHP\ThinkPHP\Library\Think\Model\RelationModel.class.php 第 186 行.
NOTIC: [8] Undefined index: mapping_limit D:\wamp\www\TPPHP\ThinkPHP\Library\Think\Model\RelationModel.class.php 第 187 行.
SQL: SELECT b.* FROM user_grp AS a, grp AS b WHERE a.group_id = b.id AND a. user_id='7' [ RunTime:0.0000s ]
INFO: [ app_end ] --START--
INFO: Run Behavior\ShowPageTraceBehavior [ RunTime:0.012502s ]
INFO: [ app_end ] --END-- [ RunTime:0.012502s ]

[ 2017-10-09T17:35:42+08:00 ] ::1 /TPPHP/Home/User/index
INFO: [ app_init ] --START--
INFO: Run Behavior\BuildLiteBehavior [ RunTime:0.000000s ]
INFO: [ app_init ] --END-- [ RunTime:0.001000s ]
INFO: [ app_begin ] --START--
INFO: Run Behavior\ReadHtmlCacheBehavior [ RunTime:0.000500s ]
INFO: [ app_begin ] --END-- [ RunTime:0.000500s ]
NOTIC: [2048] Declaration of Home\Controller\UserController::show() should be compatible with Think\Controller::show($content, $charset = '', $contentType = '', $prefix = '') D:\wamp\www\TPPHP\APPS\Home\Controller\UserController.class.php 第 21 行.
INFO: [ app_end ] --START--
INFO: Run Behavior\ShowPageTraceBehavior [ RunTime:0.000500s ]
INFO: [ app_end ] --END-- [ RunTime:0.001000s ]

[ 2017-10-09T17:51:05+08:00 ] ::1 /TPPHP/Home/User/index
INFO: [ app_init ] --START--
INFO: Run Behavior\BuildLiteBehavior [ RunTime:0.000000s ]
INFO: [ app_init ] --END-- [ RunTime:0.001000s ]
INFO: [ app_begin ] --START--
INFO: Run Behavior\ReadHtmlCacheBehavior [ RunTime:0.001000s ]
INFO: [ app_begin ] --END-- [ RunTime:0.001500s ]
NOTIC: [2048] Declaration of Home\Controller\UserController::show() should be compatible with Think\Controller::show($content, $charset = '', $contentType = '', $prefix = '') D:\wamp\www\TPPHP\APPS\Home\Controller\UserController.class.php 第 23 行.

[ 2017-10-09T17:51:05+08:00 ] ::1 /TPPHP/Home/Login/index.html
INFO: [ app_init ] --START--
INFO: Run Behavior\BuildLiteBehavior [ RunTime:0.000000s ]
INFO: [ app_init ] --END-- [ RunTime:0.000500s ]
INFO: [ app_begin ] --START--
INFO: Run Behavior\ReadHtmlCacheBehavior [ RunTime:0.000500s ]
INFO: [ app_begin ] --END-- [ RunTime:0.001001s ]
ERR: 无法加载控制器:Login

[ 2017-10-09T17:51:20+08:00 ] ::1 /TPPHP/Home/Login/index
INFO: [ app_init ] --START--
INFO: Run Behavior\BuildLiteBehavior [ RunTime:0.000000s ]
INFO: [ app_init ] --END-- [ RunTime:0.000500s ]
INFO: [ app_begin ] --START--
INFO: Run Behavior\ReadHtmlCacheBehavior [ RunTime:0.001000s ]
INFO: [ app_begin ] --END-- [ RunTime:0.001000s ]
ERR: 无法加载控制器:Login

[ 2017-10-09T17:51:35+08:00 ] ::1 /TPPHP/Home/Login/index
INFO: [ app_init ] --START--
INFO: Run Behavior\BuildLiteBehavior [ RunTime:0.000000s ]
INFO: [ app_init ] --END-- [ RunTime:0.000500s ]
INFO: [ app_begin ] --START--
INFO: Run Behavior\ReadHtmlCacheBehavior [ RunTime:0.000500s ]
INFO: [ app_begin ] --END-- [ RunTime:0.000500s ]
ERR: 无法加载控制器:Login

[ 2017-10-09T17:52:13+08:00 ] ::1 /TPPHP/Home/Login/Index/index
INFO: [ app_init ] --START--
INFO: Run Behavior\BuildLiteBehavior [ RunTime:0.000000s ]
INFO: [ app_init ] --END-- [ RunTime:0.000500s ]
INFO: [ app_begin ] --START--
INFO: Run Behavior\ReadHtmlCacheBehavior [ RunTime:0.000500s ]
INFO: [ app_begin ] --END-- [ RunTime:0.001000s ]
ERR: 无法加载控制器:Login

[ 2017-10-09T17:52:36+08:00 ] ::1 /TPPHP/Home/Login/Index/index
INFO: [ app_init ] --START--
INFO: Run Behavior\BuildLiteBehavior [ RunTime:0.000000s ]
INFO: [ app_init ] --END-- [ RunTime:0.000501s ]
INFO: [ app_begin ] --START--
INFO: Run Behavior\ReadHtmlCacheBehavior [ RunTime:0.000500s ]
INFO: [ app_begin ] --END-- [ RunTime:0.000500s ]
INFO: [ app_end ] --START--
INFO: Run Behavior\ShowPageTraceBehavior [ RunTime:0.000500s ]
INFO: [ app_end ] --END-- [ RunTime:0.001000s ]

[ 2017-10-09T17:52:51+08:00 ] ::1 /TPPHP/Home/User/show
INFO: [ app_init ] --START--
INFO: Run Behavior\BuildLiteBehavior [ RunTime:0.000000s ]
INFO: [ app_init ] --END-- [ RunTime:0.000500s ]
INFO: [ app_begin ] --START--
INFO: Run Behavior\ReadHtmlCacheBehavior [ RunTime:0.001000s ]
INFO: [ app_begin ] --END-- [ RunTime:0.001000s ]
NOTIC: [2048] Declaration of Home\Controller\UserController::show() should be compatible with Think\Controller::show($content, $charset = '', $contentType = '', $prefix = '') D:\wamp\www\TPPHP\APPS\Home\Controller\UserController.class.php 第 23 行.
SQL: SHOW COLUMNS FROM `user` [ RunTime:0.0015s ]
SQL: SELECT * FROM `user`  [ RunTime:0.0005s ]
SQL: SHOW COLUMNS FROM `dept` [ RunTime:0.0010s ]
SQL: SELECT `deptname` FROM `dept` WHERE ( 1=1 AND id='1' ) LIMIT 1   [ RunTime:0.0000s ]
SQL: SHOW COLUMNS FROM `profiles` [ RunTime:0.0010s ]
SQL: SELECT * FROM `profiles` WHERE ( 1=1 AND user_id='3' ) LIMIT 1   [ RunTime:0.0005s ]
SQL: SHOW COLUMNS FROM `grp` [ RunTime:0.0010s ]
NOTIC: [8] Undefined index: mapping_order D:\wamp\www\TPPHP\ThinkPHP\Library\Think\Model\RelationModel.class.php 第 186 行.
NOTIC: [8] Undefined index: mapping_limit D:\wamp\www\TPPHP\ThinkPHP\Library\Think\Model\RelationModel.class.php 第 187 行.
SQL: SELECT b.* FROM user_grp AS a, grp AS b WHERE a.group_id = b.id AND a. user_id='3' [ RunTime:0.0005s ]
SQL: SELECT `deptname` FROM `dept` WHERE ( 1=1 AND id='2' ) LIMIT 1   [ RunTime:0.0005s ]
SQL: SELECT * FROM `profiles` WHERE ( 1=1 AND user_id='4' ) LIMIT 1   [ RunTime:0.0000s ]
NOTIC: [8] Undefined index: mapping_order D:\wamp\www\TPPHP\ThinkPHP\Library\Think\Model\RelationModel.class.php 第 186 行.
NOTIC: [8] Undefined index: mapping_limit D:\wamp\www\TPPHP\ThinkPHP\Library\Think\Model\RelationModel.class.php 第 187 行.
SQL: SELECT b.* FROM user_grp AS a, grp AS b WHERE a.group_id = b.id AND a. user_id='4' [ RunTime:0.0005s ]
SQL: SELECT `deptname` FROM `dept` WHERE ( 1=1 AND id='3' ) LIMIT 1   [ RunTime:0.0000s ]
SQL: SELECT * FROM `profiles` WHERE ( 1=1 AND user_id='7' ) LIMIT 1   [ RunTime:0.0000s ]
NOTIC: [8] Undefined index: mapping_order D:\wamp\www\TPPHP\ThinkPHP\Library\Think\Model\RelationModel.class.php 第 186 行.
NOTIC: [8] Undefined index: mapping_limit D:\wamp\www\TPPHP\ThinkPHP\Library\Think\Model\RelationModel.class.php 第 187 行.
SQL: SELECT b.* FROM user_grp AS a, grp AS b WHERE a.group_id = b.id AND a. user_id='7' [ RunTime:0.0005s ]
INFO: [ app_end ] --START--
INFO: Run Behavior\ShowPageTraceBehavior [ RunTime:0.001000s ]
INFO: [ app_end ] --END-- [ RunTime:0.001000s ]

[ 2017-10-09T17:52:56+08:00 ] ::1 /TPPHP/Home/User/index
INFO: [ app_init ] --START--
INFO: Run Behavior\BuildLiteBehavior [ RunTime:0.000000s ]
INFO: [ app_init ] --END-- [ RunTime:0.001000s ]
INFO: [ app_begin ] --START--
INFO: Run Behavior\ReadHtmlCacheBehavior [ RunTime:0.000500s ]
INFO: [ app_begin ] --END-- [ RunTime:0.000500s ]
NOTIC: [2048] Declaration of Home\Controller\UserController::show() should be compatible with Think\Controller::show($content, $charset = '', $contentType = '', $prefix = '') D:\wamp\www\TPPHP\APPS\Home\Controller\UserController.class.php 第 23 行.

[ 2017-10-09T17:52:57+08:00 ] ::1 /TPPHP/Home/Login/index.html
INFO: [ app_init ] --START--
INFO: Run Behavior\BuildLiteBehavior [ RunTime:0.000000s ]
INFO: [ app_init ] --END-- [ RunTime:0.000500s ]
INFO: [ app_begin ] --START--
INFO: Run Behavior\ReadHtmlCacheBehavior [ RunTime:0.000500s ]
INFO: [ app_begin ] --END-- [ RunTime:0.001000s ]
INFO: [ app_end ] --START--
INFO: Run Behavior\ShowPageTraceBehavior [ RunTime:0.001000s ]
INFO: [ app_end ] --END-- [ RunTime:0.001000s ]

[ 2017-10-09T17:53:11+08:00 ] ::1 /TPPHP/Home/Login/index.html
INFO: [ app_init ] --START--
INFO: Run Behavior\BuildLiteBehavior [ RunTime:0.000000s ]
INFO: [ app_init ] --END-- [ RunTime:0.001000s ]
INFO: [ app_begin ] --START--
INFO: Run Behavior\ReadHtmlCacheBehavior [ RunTime:0.001000s ]
INFO: [ app_begin ] --END-- [ RunTime:0.001000s ]
ERR: 模板不存在:./APPS/Home/View/Login/index.html

[ 2017-10-09T17:54:21+08:00 ] ::1 /TPPHP/Home/Login/index.html
INFO: [ app_init ] --START--
INFO: Run Behavior\BuildLiteBehavior [ RunTime:0.000500s ]
INFO: [ app_init ] --END-- [ RunTime:0.001000s ]
INFO: [ app_begin ] --START--
INFO: Run Behavior\ReadHtmlCacheBehavior [ RunTime:0.001000s ]
INFO: [ app_begin ] --END-- [ RunTime:0.001500s ]
INFO: [ view_parse ] --START--
INFO: [ template_filter ] --START--
INFO: Run Behavior\ContentReplaceBehavior [ RunTime:0.000000s ]
INFO: [ template_filter ] --END-- [ RunTime:0.000501s ]
INFO: Run Behavior\ParseTemplateBehavior [ RunTime:0.053007s ]
INFO: [ view_parse ] --END-- [ RunTime:0.053007s ]
INFO: [ view_filter ] --START--
INFO: Run Behavior\WriteHtmlCacheBehavior [ RunTime:0.008001s ]
INFO: [ view_filter ] --END-- [ RunTime:0.008501s ]
INFO: [ app_end ] --START--
INFO: Run Behavior\ShowPageTraceBehavior [ RunTime:0.001000s ]
INFO: [ app_end ] --END-- [ RunTime:0.001000s ]

[ 2017-10-09T17:54:47+08:00 ] ::1 /TPPHP/Home/Login/index.html
INFO: [ app_init ] --START--
INFO: Run Behavior\BuildLiteBehavior [ RunTime:0.000000s ]
INFO: [ app_init ] --END-- [ RunTime:0.000500s ]
INFO: [ app_begin ] --START--
INFO: Run Behavior\ReadHtmlCacheBehavior [ RunTime:0.001000s ]
INFO: [ app_begin ] --END-- [ RunTime:0.001000s ]
INFO: [ view_parse ] --START--
INFO: [ template_filter ] --START--
INFO: Run Behavior\ContentReplaceBehavior [ RunTime:0.000000s ]
INFO: [ template_filter ] --END-- [ RunTime:0.000000s ]
INFO: Run Behavior\ParseTemplateBehavior [ RunTime:0.008001s ]
INFO: [ view_parse ] --END-- [ RunTime:0.008001s ]
INFO: [ view_filter ] --START--
INFO: Run Behavior\WriteHtmlCacheBehavior [ RunTime:0.000500s ]
INFO: [ view_filter ] --END-- [ RunTime:0.000500s ]
INFO: [ app_end ] --START--
INFO: Run Behavior\ShowPageTraceBehavior [ RunTime:0.000500s ]
INFO: [ app_end ] --END-- [ RunTime:0.001000s ]

[ 2017-10-09T17:55:00+08:00 ] ::1 /TPPHP/Home/Login/index.html
INFO: [ app_init ] --START--
INFO: Run Behavior\BuildLiteBehavior [ RunTime:0.000000s ]
INFO: [ app_init ] --END-- [ RunTime:0.001000s ]
INFO: [ app_begin ] --START--
INFO: Run Behavior\ReadHtmlCacheBehavior [ RunTime:0.000500s ]
INFO: [ app_begin ] --END-- [ RunTime:0.000500s ]
INFO: [ view_parse ] --START--
INFO: [ template_filter ] --START--
INFO: Run Behavior\ContentReplaceBehavior [ RunTime:0.000000s ]
INFO: [ template_filter ] --END-- [ RunTime:0.000500s ]
INFO: Run Behavior\ParseTemplateBehavior [ RunTime:0.010501s ]
INFO: [ view_parse ] --END-- [ RunTime:0.011001s ]
INFO: [ view_filter ] --START--
INFO: Run Behavior\WriteHtmlCacheBehavior [ RunTime:0.000000s ]
INFO: [ view_filter ] --END-- [ RunTime:0.000500s ]
INFO: [ app_end ] --START--
INFO: Run Behavior\ShowPageTraceBehavior [ RunTime:0.001000s ]
INFO: [ app_end ] --END-- [ RunTime:0.001000s ]

[ 2017-10-09T17:56:15+08:00 ] ::1 /TPPHP/Home/Login/Index/index
INFO: [ app_init ] --START--
INFO: Run Behavior\BuildLiteBehavior [ RunTime:0.000000s ]
INFO: [ app_init ] --END-- [ RunTime:0.000500s ]
INFO: [ app_begin ] --START--
INFO: Run Behavior\ReadHtmlCacheBehavior [ RunTime:0.000500s ]
INFO: [ app_begin ] --END-- [ RunTime:0.001000s ]
INFO: [ view_parse ] --START--
INFO: [ template_filter ] --START--
INFO: Run Behavior\ContentReplaceBehavior [ RunTime:0.000000s ]
INFO: [ template_filter ] --END-- [ RunTime:0.000500s ]
INFO: Run Behavior\ParseTemplateBehavior [ RunTime:0.009001s ]
INFO: [ view_parse ] --END-- [ RunTime:0.009001s ]
INFO: [ view_filter ] --START--
INFO: Run Behavior\WriteHtmlCacheBehavior [ RunTime:0.000500s ]
INFO: [ view_filter ] --END-- [ RunTime:0.000500s ]
INFO: [ app_end ] --START--
INFO: Run Behavior\ShowPageTraceBehavior [ RunTime:0.000500s ]
INFO: [ app_end ] --END-- [ RunTime:0.001000s ]

[ 2017-10-09T17:57:01+08:00 ] ::1 /TPPHP/Home/Login/Index/index
INFO: [ app_init ] --START--
INFO: Run Behavior\BuildLiteBehavior [ RunTime:0.000000s ]
INFO: [ app_init ] --END-- [ RunTime:0.000500s ]
INFO: [ app_begin ] --START--
INFO: Run Behavior\ReadHtmlCacheBehavior [ RunTime:0.001000s ]
INFO: [ app_begin ] --END-- [ RunTime:0.001000s ]
INFO: [ view_parse ] --START--
INFO: [ template_filter ] --START--
INFO: Run Behavior\ContentReplaceBehavior [ RunTime:0.000000s ]
INFO: [ template_filter ] --END-- [ RunTime:0.001000s ]
INFO: Run Behavior\ParseTemplateBehavior [ RunTime:0.015502s ]
INFO: [ view_parse ] --END-- [ RunTime:0.016002s ]
INFO: [ view_filter ] --START--
INFO: Run Behavior\WriteHtmlCacheBehavior [ RunTime:0.001000s ]
INFO: [ view_filter ] --END-- [ RunTime:0.001500s ]
INFO: [ app_end ] --START--
INFO: Run Behavior\ShowPageTraceBehavior [ RunTime:0.001500s ]
INFO: [ app_end ] --END-- [ RunTime:0.001500s ]

[ 2017-10-09T17:57:53+08:00 ] ::1 /TPPHP/Home/Login/Index/index
INFO: [ app_init ] --START--
INFO: Run Behavior\BuildLiteBehavior [ RunTime:0.000000s ]
INFO: [ app_init ] --END-- [ RunTime:0.001000s ]
INFO: [ app_begin ] --START--
INFO: Run Behavior\ReadHtmlCacheBehavior [ RunTime:0.001000s ]
INFO: [ app_begin ] --END-- [ RunTime:0.001500s ]
INFO: [ view_parse ] --START--
INFO: [ template_filter ] --START--
INFO: Run Behavior\ContentReplaceBehavior [ RunTime:0.000500s ]
INFO: [ template_filter ] --END-- [ RunTime:0.000500s ]
INFO: Run Behavior\ParseTemplateBehavior [ RunTime:0.008502s ]
INFO: [ view_parse ] --END-- [ RunTime:0.009002s ]
INFO: [ view_filter ] --START--
INFO: Run Behavior\WriteHtmlCacheBehavior [ RunTime:0.000500s ]
INFO: [ view_filter ] --END-- [ RunTime:0.000500s ]
INFO: [ app_end ] --START--
INFO: Run Behavior\ShowPageTraceBehavior [ RunTime:0.001500s ]
INFO: [ app_end ] --END-- [ RunTime:0.001500s ]

