[ 2017-10-08T22:54:24+08:00 ] ::1 /TPPHP/User/Index/index
INFO: [ app_init ] --START--
INFO: Run Behavior\BuildLiteBehavior [ RunTime:0.000039s ]
INFO: [ app_init ] --END-- [ RunTime:0.002505s ]
ERR: 无法加载模块:User

[ 2017-10-08T22:55:10+08:00 ] ::1 /TPPHP/User/Index/index
INFO: [ app_init ] --START--
INFO: Run Behavior\BuildLiteBehavior [ RunTime:0.000047s ]
INFO: [ app_init ] --END-- [ RunTime:0.002448s ]
ERR: 无法加载模块:User

[ 2017-10-08T22:55:19+08:00 ] ::1 /TPPHP/User/Index/index
INFO: [ app_init ] --START--
INFO: Run Behavior\BuildLiteBehavior [ RunTime:0.000038s ]
INFO: [ app_init ] --END-- [ RunTime:0.001364s ]
ERR: 无法加载模块:User

[ 2017-10-08T22:55:28+08:00 ] ::1 /TPPHP/User/Index/show
INFO: [ app_init ] --START--
INFO: Run Behavior\BuildLiteBehavior [ RunTime:0.000040s ]
INFO: [ app_init ] --END-- [ RunTime:0.001509s ]
ERR: 无法加载模块:User

[ 2017-10-08T22:56:19+08:00 ] ::1 /TPPHP/User/Index/index
INFO: [ app_init ] --START--
INFO: Run Behavior\BuildLiteBehavior [ RunTime:0.000041s ]
INFO: [ app_init ] --END-- [ RunTime:0.002356s ]
ERR: 无法加载模块:User

[ 2017-10-08T22:57:09+08:00 ] ::1 /TPPHP/User/Index/index
INFO: [ app_init ] --START--
INFO: Run Behavior\BuildLiteBehavior [ RunTime:0.000040s ]
INFO: [ app_init ] --END-- [ RunTime:0.001534s ]
ERR: 无法加载模块:User

